Sending build context to Docker daemon  156.2kB
Step 1/16 : FROM centos:7
 ---> 5182e96772bf
Step 2/16 : LABEL org.label-schema.vcs-url="https://github.com/giovtorres/slurm-docker-cluster"       org.label-schema.docker.cmd="docker-compose up -d"       org.label-schema.name="slurm-docker-cluster"       org.label-schema.description="Slurm Docker cluster on CentOS 7"       maintainer="Giovanni Torres"
 ---> Using cache
 ---> e75bba0a8d6c
Step 3/16 : ARG SLURM_VERSION=17.02.11
 ---> Using cache
 ---> 2861baf48e64
Step 4/16 : ARG SLURM_DOWNLOAD_MD5=b32f4260a921d335a2d52950593f0a29
 ---> Using cache
 ---> 6520f0663800
Step 5/16 : ARG SLURM_DOWNLOAD_URL=https://download.schedmd.com/slurm/slurm-17.02.11.tar.bz2
 ---> Using cache
 ---> d5cd5b2858bd
Step 6/16 : ARG GOSU_VERSION=1.10
 ---> Using cache
 ---> 6e1178b5407a
Step 7/16 : RUN yum makecache fast     && yum -y install epel-release     && yum -y install            wget            bzip2            perl            gcc            gcc-c++           vim-enhanced            git            make            munge            munge-devel            python-devel            python-pip            python34            python34-devel            python34-pip            mariadb-server            mariadb-devel            psmisc            bash-completion     && yum clean all     && rm -rf /var/cache/yum
 ---> Using cache
 ---> d746f8a88464
Step 8/16 : RUN pip install Cython nose     && pip3 install Cython nose
 ---> Using cache
 ---> 940dbac98894
Step 9/16 : RUN set -x     && wget -O /usr/local/bin/gosu "https://github.com/tianon/gosu/releases/download/$GOSU_VERSION/gosu-amd64"     && chmod +x /usr/local/bin/gosu     && gosu nobody true
 ---> Using cache
 ---> 950adbcac581
Step 10/16 : RUN groupadd -r slurm --gid=995 && useradd -r -g slurm --uid=995 slurm
 ---> Using cache
 ---> 2d49a37213f0
Step 11/16 : RUN set -x     && wget -O slurm.tar.bz2 "$SLURM_DOWNLOAD_URL"     && echo "$SLURM_DOWNLOAD_MD5" slurm.tar.bz2 | md5sum -c -     && mkdir /usr/local/src/slurm     && tar jxf slurm.tar.bz2 -C /usr/local/src/slurm --strip-components=1     && rm slurm.tar.bz2     && cd /usr/local/src/slurm     && ./configure --enable-debug --prefix=/usr --sysconfdir=/etc/slurm         --with-mysql_config=/usr/bin  --libdir=/usr/lib64     && make install     && install -D -m644 etc/cgroup.conf.example /etc/slurm/cgroup.conf.example     && install -D -m644 etc/slurm.conf.example /etc/slurm/slurm.conf.example     && install -D -m644 etc/slurm.epilog.clean /etc/slurm/slurm.epilog.clean     && install -D -m644 etc/slurmdbd.conf.example /etc/slurm/slurmdbd.conf.example     && install -D -m644 contribs/slurm_completion_help/slurm_completion.sh /etc/profile.d/slurm_completion.sh     && cd     && rm -rf /usr/local/src/slurm     && mkdir /etc/sysconfig/slurm         /var/spool/slurmd         /var/run/slurmd         /var/run/slurmdbd         /var/lib/slurmd         /var/log/slurm         /data     && touch /var/lib/slurmd/node_state         /var/lib/slurmd/front_end_state         /var/lib/slurmd/job_state         /var/lib/slurmd/resv_state         /var/lib/slurmd/trigger_state         /var/lib/slurmd/assoc_mgr_state         /var/lib/slurmd/assoc_usage         /var/lib/slurmd/qos_usage         /var/lib/slurmd/fed_mgr_state     && chown -R slurm:slurm /var/*/slurm*     && /sbin/create-munge-key
 ---> Using cache
 ---> 295d3d234cb7
Step 12/16 : COPY slurm.conf /etc/slurm/slurm.conf
 ---> Using cache
 ---> a816550eb1dd
Step 13/16 : COPY slurmdbd.conf /etc/slurm/slurmdbd.conf
 ---> Using cache
 ---> 30e494ef5420
Step 14/16 : COPY docker-entrypoint.sh /usr/local/bin/docker-entrypoint.sh
 ---> Using cache
 ---> 5829f54fc9e1
Step 15/16 : ENTRYPOINT ["/usr/local/bin/docker-entrypoint.sh"]
 ---> Using cache
 ---> 6aa3d0c312d2
Step 16/16 : CMD ["slurmdbd"]
 ---> Using cache
 ---> 037c71d827db
Successfully built 037c71d827db
Successfully tagged slurm-docker-cluster:17.02.10
 This cluster linux already exists.  Not adding.
Loaded plugins: fastestmirror, ovl
Loading mirror speeds from cached hostfile
 * base: yum.tamu.edu
 * epel: fedora-epel.mirror.lstn.net
 * extras: mirror.compevo.com
 * updates: centos.mirrors.tds.net
Maybe run: yum groups mark install (see man yum)
No packages in any requested group available to install or update
Loaded plugins: fastestmirror, ovl
Loading mirror speeds from cached hostfile
 * base: yum.tamu.edu
 * epel: fedora-epel.mirror.lstn.net
 * extras: mirror.compevo.com
 * updates: centos.mirrors.tds.net
Package gcc-gfortran-4.8.5-28.el7_5.1.x86_64 already installed and latest version
Nothing to do
Loaded plugins: fastestmirror, ovl
Loading mirror speeds from cached hostfile
 * base: yum.tamu.edu
 * epel: fedora-epel.mirror.lstn.net
 * extras: mirror.compevo.com
 * updates: centos.mirrors.tds.net
Package gcc-4.8.5-28.el7_5.1.x86_64 already installed and latest version
Nothing to do
Loaded plugins: fastestmirror, ovl
Loading mirror speeds from cached hostfile
 * base: yum.tamu.edu
 * epel: fedora-epel.mirror.lstn.net
 * extras: mirror.compevo.com
 * updates: centos.mirrors.tds.net
Package patch-2.7.1-10.el7_5.x86_64 already installed and latest version
Nothing to do
.common.sh: line 2: spack: command not found
Couldn't find Spack. I'll install it now.
fatal: destination path '/root/src/spack' already exists and is not an empty directory.
nandato
[1;34m==>[0m openmpi is already installed in /root/src/spack/opt/spack/linux-centos7-x86_64/gcc-4.8.5/openmpi-2.0.1-ul43xxa63kbtehna7etwr2hedy3ihsy3
[1;34m==>[0m lulesh is already installed in /root/src/spack/opt/spack/linux-centos7-x86_64/gcc-4.8.5/lulesh-2.0.3-ylgzghqfymesndfyg6yncwhmi7lvjjpd
[1;34m==>[0m libelf is already installed in /root/src/spack/opt/spack/linux-centos7-x86_64/gcc-4.8.5/libelf-0.8.13-qzhgthw73zajntobm3f7ndhl5c3eiene
[1;34m==>[0m zlib is already installed in /root/src/spack/opt/spack/linux-centos7-x86_64/gcc-4.8.5/zlib-1.2.11-64vg6e4evdrlqgx7iicwhu2hs7lv6gpz
[1;34m==>[0m libdwarf is already installed in /root/src/spack/opt/spack/linux-centos7-x86_64/gcc-4.8.5/libdwarf-20180129-cyoro45ix5oqbkavnmqmhcrvn77pguc2
[1;34m==>[0m libunwind is already installed in /root/src/spack/opt/spack/linux-centos7-x86_64/gcc-4.8.5/libunwind-1.2.1-62pvvbtyfvhsv4plkbli6csgq6kyh2a6
[1;34m==>[0m libsigsegv is already installed in /root/src/spack/opt/spack/linux-centos7-x86_64/gcc-4.8.5/libsigsegv-2.11-qpmaxx6z62df4s4hwyehdwptv6kmrfhf
[1;34m==>[0m m4 is already installed in /root/src/spack/opt/spack/linux-centos7-x86_64/gcc-4.8.5/m4-1.4.18-o24gxan6j2b5dyfnkwv3ilyh7hvr7p6o
[1;34m==>[0m libtool is already installed in /root/src/spack/opt/spack/linux-centos7-x86_64/gcc-4.8.5/libtool-2.4.6-bcbiddkmbu4gy7wx6ftntmxqe3c5br3z
[1;34m==>[0m pkgconf is already installed in /root/src/spack/opt/spack/linux-centos7-x86_64/gcc-4.8.5/pkgconf-1.4.2-lq2llfax3ikzxy7fel7kvlrxogtolr7w
[1;34m==>[0m util-macros is already installed in /root/src/spack/opt/spack/linux-centos7-x86_64/gcc-4.8.5/util-macros-1.19.1-p66qdrtaslf2cq4wyc6mitrxzhnyujhc
[1;34m==>[0m libpciaccess is already installed in /root/src/spack/opt/spack/linux-centos7-x86_64/gcc-4.8.5/libpciaccess-0.13.5-5chyfxo6gpmcf74gpv3sqni2aa6v5x57
[1;34m==>[0m xz is already installed in /root/src/spack/opt/spack/linux-centos7-x86_64/gcc-4.8.5/xz-5.2.4-agv5zlv7phi4ye3evlpv3t4ypgve4bpe
[1;34m==>[0m libxml2 is already installed in /root/src/spack/opt/spack/linux-centos7-x86_64/gcc-4.8.5/libxml2-2.9.8-okofegeulrhnfyzu6sldwacn3gbpfjj4
[1;34m==>[0m ncurses is already installed in /root/src/spack/opt/spack/linux-centos7-x86_64/gcc-4.8.5/ncurses-6.1-rqw3cmcwvd76h4rjgtaxpvrqg47prwkg
[1;34m==>[0m readline is already installed in /root/src/spack/opt/spack/linux-centos7-x86_64/gcc-4.8.5/readline-7.0-b4z2xcjalfc4z7tgktx7txhe2my3wlfd
[1;34m==>[0m gdbm is already installed in /root/src/spack/opt/spack/linux-centos7-x86_64/gcc-4.8.5/gdbm-1.14.1-xdrlyqkflqshxl2so56p5qhwjf77dxbt
[1;34m==>[0m perl is already installed in /root/src/spack/opt/spack/linux-centos7-x86_64/gcc-4.8.5/perl-5.26.2-hnx5wqjxdsqb2l3g3zjebpdul4wuurov
[1;34m==>[0m autoconf is already installed in /root/src/spack/opt/spack/linux-centos7-x86_64/gcc-4.8.5/autoconf-2.69-uxvf55ypu6mag4oaendwmdxjrf7e5s2f
[1;34m==>[0m automake is already installed in /root/src/spack/opt/spack/linux-centos7-x86_64/gcc-4.8.5/automake-1.16.1-vig6f2apycmxxxbx355yn6ypdxoriwqj
[1;34m==>[0m numactl is already installed in /root/src/spack/opt/spack/linux-centos7-x86_64/gcc-4.8.5/numactl-2.0.11-cjrsk2xfdu6avit3uw5zx2mqffptsjcr
[1;34m==>[0m hwloc is already installed in /root/src/spack/opt/spack/linux-centos7-x86_64/gcc-4.8.5/hwloc-1.11.9-dbujvxxzoz27e5ioypd3popnmb4p7gkd
[1;34m==>[0m openmpi is already installed in /root/src/spack/opt/spack/linux-centos7-x86_64/gcc-4.8.5/openmpi-3.1.1-xj5frt6pye5e6kusx5o53xv22xas44nq
[1;34m==>[0m [1mInstalling[0m [1;32mmpip[0m
[1;34m==>[0m Using cached archive: /root/src/spack/var/spack/cache/mpip/mpip-3.4.1.tar.gz
[1;34m==>[0m Staging archive: /root/src/spack/var/spack/stage/mpip-3.4.1-hkcehevjaqdywqretg4fy5f2fikr2z47/mpiP-3.4.1.tar.gz
[1;34m==>[0m Created stage in /root/src/spack/var/spack/stage/mpip-3.4.1-hkcehevjaqdywqretg4fy5f2fikr2z47
[1;34m==>[0m No patches needed for mpip
[1;34m==>[0m Building mpip [AutotoolsPackage]
[1;34m==>[0m Executing phase: 'autoreconf'
[1;34m==>[0m Executing phase: 'configure'
[1;34m==>[0m Executing phase: 'build'
[1;34m==>[0m Executing phase: 'install'
[1;34m==>[0m Successfully installed mpip
  Fetch: 0.01s.  Build: 8.80s.  Total: 8.81s.
[1;32m[+][0m /root/src/spack/opt/spack/linux-centos7-x86_64/gcc-4.8.5/mpip-3.4.1-hkcehevjaqdywqretg4fy5f2fikr2z47
